Weight:
-0.01871812814656898
-0.5906529436193513
1.3239203685445209
-0.30868279425381523
0.026917327567058336
-0.07271536283241832
-0.007382355807603993
0.06746368829832627
-0.014232420284373479
-0.031827644654616544
-0.2995102029946143
-0.036507652771791355
0.02904846771084136
-0.007065120019386295
-0.05728472548261143
0.10492252422485368
0.09130654114494127
-0.31387641421962886
0.04723332004959384
-0.10886532997548198
-0.018978311670102513
0.013310735135231028
0.008506649618688527
-0.0028207648108597716
0.03251270768396712
0.022199653136982724
-0.01561588425088916
-0.004682739830175874
0.009635070970909427
4.989872300793096E-4
-5.563120209184035
0.0032035699151914004

Weight:
-0.009722920085969367
-0.5909814092892929
1.3127344491529005
-0.3206634532483715
0.015177605040136495
-0.07151863968435329
-0.013014003327892834
0.06722572484882196
-0.02070675887160621
-0.028385823130731458
-0.3142237503724039
-0.03901015173644575
0.03564537237423852
-0.0012375908583231983
-0.05554188495491683
0.10199430185575845
0.09003316473109561
-0.32454560305500163
0.03216198991258328
-0.10202684747162344
-0.006712239881142883
0.027205778735359953
0.008511946806666353
-0.002574350095929575
0.03668635907698124
0.02430234812551826
-0.01386283079174709
-0.010915303145308964
0.012116229526704225
0.0028066968973232487
-5.346165756904554
0.0033628350255217477

Weight:
-0.0115758253620859
-0.5804986483244468
1.3018899422836878
-0.3068917500166138
0.016750693596296714
-0.07136309394577754
-0.01472646267206169
0.06623235225583972
-0.020819846319691387
-0.027473403573387428
-0.30406587442931143
-0.038291477303556545
0.032387722139835706
-5.169878117965614E-4
-0.055184677575014475
0.11214938218933646
0.08667816204692765
-0.319884904186718
0.03007378761423499
-0.09239887424947482
-0.004155640657256579
0.02301660201490626
0.006568040692214583
-0.003031421348971311
0.03576771027674431
0.021604294270383975
-0.009761509004443503
-0.009630894574110618
0.013233995420148543
0.0034694625273483885
-5.452885735535335
0.0034684078778213618

Weight:
-0.016624343014051524
-0.5710944070077477
1.2956662622617974
-0.3006447537271688
0.02081333870089576
-0.07273267781070897
-0.015241802065970323
0.06574628375575446
-0.022220741544462866
-0.027111498114470764
-0.29966030046017683
-0.039027559709155286
0.030540282954713727
2.42944230808095E-4
-0.0546830202580203
0.1161326225986268
0.08578462936533791
-0.3134567742861471
0.024115523833515205
-0.08813792728119575
9.837547638086308E-6
0.022893262256163227
0.004529038645530229
-0.002979575338413783
0.037057687522622125
0.022112592035272657
-0.008938686337022154
-0.009018201400148949
0.013688260047966937
0.002320134503306295
-5.4245071945182195
0.00332044166965792

Weight:
-0.014766602145571794
-0.5730598708583594
1.2872837372623618
-0.29544823777840606
0.016836404147741322
-0.07109508952562982
-0.015329550912426743
0.06563019964702128
-0.021879759320111686
-0.02831447756339363
-0.2993896016287754
-0.03772315444291598
0.03245624408072804
4.779409445506396E-4
-0.053886377480349607
0.11382133667291948
0.08516752152606744
-0.31408555041858116
0.02961315385305017
-0.09143026375567123
-0.006025550197710963
0.025967459481486863
0.0037187787501204066
-0.003254348046509384
0.037327134802022294
0.021967038859130116
-0.008448320721704646
-0.009111787078555377
0.014270743699726132
0.00250688980111779
-5.485140517576625
0.003415482928499206

